000038.889006 [61788] [59036] <info> Open log C:\Users\ilbou\projects\PyTransaq\Transaq\Transaq\bin\x86\Debug\netcoreapp3.1\, level 2
000038.891009 [61788] [59036] <info> System version 6.28. TXmlConnector version 2.21.16
000038.892009 [61788] [59036] <info> Initializing...
000039.908871 [61788] [59036] <info> State <DISCONNECTED> changed to <CONNECTING>
000039.908871 [61788] [main] <info> Initializing dsp...
000039.908871 [61788] [main] <info> Preparing for login...
000039.908871 [61788] [main] <info> Packet size: 65520
000039.908871 [61788] [main] <info> Logging in...
000040.257203 [61788] [main] <info> Logged in
000040.257203 [61788] [main] <info> State <CONNECTING> changed to <LOADING>
000040.257203 [61788] [main] <info> Loading static data...
000040.481694 [61788] [main] <info> Loading snapshot...
000040.481694 [61788] [main] <info> State <LOADING> changed to <READY>
000040.481694 [61788] [main] <info> Main thread OK. Data refresh period: 100
000049.878842 [61788] [main] <info> Snapshot loaded: Cl: 5, As: 0
000049.879841 [61788] [main] <info> Host RAM: 8423MB total, 1262MB available, 170352KB used
000102.965155 [61788] [main] <info> Host RAM: 8423MB total, 1196MB available, 171433KB used
000103.985538 [61788] [59036] <info> Disconnecting...
000103.986539 [61788] [59036] <info> Waiting for WorkUp...
000103.986539 [61788] [main] <info> Shutdown event received
000103.986539 [61788] [main] <info> State <READY> changed to <DISCONNECTING>
000103.987539 [61788] [main] <info> Logging out...
000104.188535 [61788] [main] <info> Host RAM: 8423MB total, 1177MB available, 171532KB used
000104.189536 [61788] [main] <info> State <DISCONNECTING> changed to <DISCONNECTED>
000104.190536 [61788] [59036] <info> Disconnect OK
000149.877726 [62444] [55580] <info> Open log C:\Users\ilbou\projects\PyTransaq\Transaq\Transaq\bin\x86\Debug\netcoreapp3.1\, level 2
000149.877726 [62444] [55580] <info> System version 6.28. TXmlConnector version 2.21.16
000149.877726 [62444] [55580] <info> Initializing...
000150.885643 [62444] [55580] <info> State <DISCONNECTED> changed to <CONNECTING>
000150.885643 [62444] [main] <info> Initializing dsp...
000150.885643 [62444] [main] <info> Preparing for login...
000150.885643 [62444] [main] <info> Packet size: 65520
000150.885643 [62444] [main] <info> Logging in...
000151.089842 [62444] [main] <info> Logged in
000151.089842 [62444] [main] <info> State <CONNECTING> changed to <LOADING>
000151.089842 [62444] [main] <info> Loading static data...
000151.105472 [62444] [main] <info> Loading snapshot...
000151.105472 [62444] [main] <info> State <LOADING> changed to <READY>
000151.105472 [62444] [main] <info> Main thread OK. Data refresh period: 100
000158.349395 [62444] [main] <info> Snapshot loaded: Cl: 5, As: 0
000158.349395 [62444] [main] <info> Host RAM: 8423MB total, 1326MB available, 174632KB used
000211.034742 [62444] [main] <info> Host RAM: 8423MB total, 1226MB available, 175144KB used
000212.077271 [62444] [55580] <info> Disconnecting...
000212.077271 [62444] [55580] <info> Waiting for WorkUp...
000212.077271 [62444] [main] <info> Shutdown event received
000212.077271 [62444] [main] <info> State <READY> changed to <DISCONNECTING>
000212.077271 [62444] [main] <info> Logging out...
000212.285371 [62444] [main] <info> Host RAM: 8423MB total, 1248MB available, 175153KB used
000212.285371 [62444] [main] <info> State <DISCONNECTING> changed to <DISCONNECTED>
000212.286183 [62444] [55580] <info> Disconnect OK
000314.501035 [63300] [44996] <info> Open log C:\Users\ilbou\projects\PyTransaq\Transaq\Transaq\bin\x86\Debug\netcoreapp3.1\, level 2
000314.501035 [63300] [44996] <info> System version 6.28. TXmlConnector version 2.21.16
000314.501035 [63300] [44996] <info> Initializing...
000315.508549 [63300] [44996] <info> State <DISCONNECTED> changed to <CONNECTING>
000315.508549 [63300] [main] <info> Initializing dsp...
000315.508549 [63300] [main] <info> Preparing for login...
000315.508549 [63300] [main] <info> Packet size: 65520
000315.508549 [63300] [main] <info> Logging in...
000315.715513 [63300] [main] <info> Logged in
000315.715513 [63300] [main] <info> State <CONNECTING> changed to <LOADING>
000315.715513 [63300] [main] <info> Loading static data...
000315.746765 [63300] [main] <info> Loading snapshot...
000315.746765 [63300] [main] <info> State <LOADING> changed to <READY>
000315.746765 [63300] [main] <info> Main thread OK. Data refresh period: 100
000322.532495 [63300] [main] <info> Snapshot loaded: Cl: 5, As: 0
000322.532495 [63300] [main] <info> Host RAM: 8423MB total, 1543MB available, 188919KB used
000335.280493 [63300] [main] <info> Host RAM: 8423MB total, 1428MB available, 188981KB used
000336.315481 [63300] [44996] <info> Disconnecting...
000336.316480 [63300] [44996] <info> Waiting for WorkUp...
000336.316480 [63300] [main] <info> Shutdown event received
000336.316480 [63300] [main] <info> State <READY> changed to <DISCONNECTING>
000336.316480 [63300] [main] <info> Logging out...
000336.522118 [63300] [main] <info> Host RAM: 8423MB total, 1444MB available, 189104KB used
000336.522118 [63300] [main] <info> State <DISCONNECTING> changed to <DISCONNECTED>
000336.522118 [63300] [44996] <info> Disconnect OK
000540.710002 [27776] [56964] <info> Open log C:\Users\ilbou\projects\PyTransaq\Transaq\Transaq\bin\x86\Debug\netcoreapp3.1\, level 2
000540.710999 [27776] [56964] <info> System version 6.28. TXmlConnector version 2.21.16
000540.710999 [27776] [56964] <info> Initializing...
000541.725535 [27776] [56964] <info> State <DISCONNECTED> changed to <CONNECTING>
000541.725535 [27776] [main] <info> Initializing dsp...
000541.725535 [27776] [main] <info> Preparing for login...
000541.725535 [27776] [main] <info> Packet size: 65520
000541.725535 [27776] [main] <info> Logging in...
000541.936301 [27776] [main] <info> Logged in
000541.936301 [27776] [main] <info> State <CONNECTING> changed to <LOADING>
000541.936301 [27776] [main] <info> Loading static data...
000541.970259 [27776] [main] <info> Loading snapshot...
000541.970259 [27776] [main] <info> State <LOADING> changed to <READY>
000541.970259 [27776] [main] <info> Main thread OK. Data refresh period: 100
000548.909187 [27776] [main] <info> Snapshot loaded: Cl: 5, As: 0
000548.909187 [27776] [main] <info> Host RAM: 8423MB total, 1553MB available, 140992KB used
000600.699976 [27776] [main] <info> Host RAM: 8423MB total, 1434MB available, 141750KB used
000601.733164 [27776] [56964] <info> Disconnecting...
000601.734163 [27776] [56964] <info> Waiting for WorkUp...
000601.734163 [27776] [main] <info> Shutdown event received
000601.734163 [27776] [main] <info> State <READY> changed to <DISCONNECTING>
000601.734163 [27776] [main] <info> Logging out...
000601.936964 [27776] [main] <info> Host RAM: 8423MB total, 1409MB available, 141873KB used
000601.936964 [27776] [main] <info> State <DISCONNECTING> changed to <DISCONNECTED>
000601.936964 [27776] [56964] <info> Disconnect OK
000630.614089 [57356] [42448] <info> Open log C:\Users\ilbou\projects\PyTransaq\Transaq\Transaq\bin\x86\Debug\netcoreapp3.1\, level 2
000630.614089 [57356] [42448] <info> System version 6.28. TXmlConnector version 2.21.16
000630.614089 [57356] [42448] <info> Initializing...
000631.631412 [57356] [42448] <info> State <DISCONNECTED> changed to <CONNECTING>
000631.631412 [57356] [main] <info> Initializing dsp...
000631.631412 [57356] [main] <info> Preparing for login...
000631.631412 [57356] [main] <info> Packet size: 65520
000631.631412 [57356] [main] <info> Logging in...
000631.851208 [57356] [main] <info> Logged in
000631.851208 [57356] [main] <info> State <CONNECTING> changed to <LOADING>
000631.851208 [57356] [main] <info> Loading static data...
000631.882458 [57356] [main] <info> Loading snapshot...
000631.882458 [57356] [main] <info> State <LOADING> changed to <READY>
000631.882458 [57356] [main] <info> Main thread OK. Data refresh period: 100
000638.876456 [57356] [main] <info> Snapshot loaded: Cl: 5, As: 0
000638.876456 [57356] [main] <info> Host RAM: 8423MB total, 1548MB available, 139218KB used
000649.551083 [57356] [main] <info> Host RAM: 8423MB total, 1429MB available, 139255KB used
000650.601920 [57356] [42448] <info> Disconnecting...
000650.601920 [57356] [42448] <info> Waiting for WorkUp...
000650.601920 [57356] [main] <info> Shutdown event received
000650.601920 [57356] [main] <info> State <READY> changed to <DISCONNECTING>
000650.601920 [57356] [main] <info> Logging out...
000650.805884 [57356] [main] <info> Host RAM: 8423MB total, 1414MB available, 136933KB used
000650.805884 [57356] [main] <info> State <DISCONNECTING> changed to <DISCONNECTED>
000650.805884 [57356] [42448] <info> Disconnect OK
000805.202446 [24044] [62676] <info> Open log C:\Users\ilbou\projects\PyTransaq\Transaq\Transaq\bin\x86\Debug\netcoreapp3.1\, level 2
000805.203446 [24044] [62676] <info> System version 6.28. TXmlConnector version 2.21.16
000805.203446 [24044] [62676] <info> Initializing...
000806.207287 [24044] [62676] <info> State <DISCONNECTED> changed to <CONNECTING>
000806.207287 [24044] [main] <info> Initializing dsp...
000806.207287 [24044] [main] <info> Preparing for login...
000806.207287 [24044] [main] <info> Packet size: 65520
000806.207287 [24044] [main] <info> Logging in...
000806.418710 [24044] [main] <info> Logged in
000806.418710 [24044] [main] <info> State <CONNECTING> changed to <LOADING>
000806.418710 [24044] [main] <info> Loading static data...
000806.449961 [24044] [main] <info> Loading snapshot...
000806.449961 [24044] [main] <info> State <LOADING> changed to <READY>
000806.449961 [24044] [main] <info> Main thread OK. Data refresh period: 100
000813.591920 [24044] [main] <info> Snapshot loaded: Cl: 5, As: 0
000813.591920 [24044] [main] <info> Host RAM: 8423MB total, 1531MB available, 193921KB used
000826.480691 [24044] [main] <info> Host RAM: 8423MB total, 1460MB available, 194150KB used
000827.516819 [24044] [62676] <info> Disconnecting...
000827.516819 [24044] [62676] <info> Waiting for WorkUp...
000827.516819 [24044] [main] <info> Shutdown event received
000827.516819 [24044] [main] <info> State <READY> changed to <DISCONNECTING>
000827.516819 [24044] [main] <info> Logging out...
000827.725758 [24044] [main] <info> Host RAM: 8423MB total, 1457MB available, 194215KB used
000827.725758 [24044] [main] <info> State <DISCONNECTING> changed to <DISCONNECTED>
000827.725758 [24044] [62676] <info> Disconnect OK
000851.192003 [55984] [52708] <info> Open log C:\Users\ilbou\projects\PyTransaq\Transaq\Transaq\bin\x86\Debug\netcoreapp3.1\, level 2
000851.193038 [55984] [52708] <info> System version 6.28. TXmlConnector version 2.21.16
000851.193038 [55984] [52708] <info> Initializing...
000852.195610 [55984] [52708] <info> State <DISCONNECTED> changed to <CONNECTING>
000852.195610 [55984] [main] <info> Initializing dsp...
000852.195610 [55984] [main] <info> Preparing for login...
000852.195610 [55984] [main] <info> Packet size: 65520
000852.195610 [55984] [main] <info> Logging in...
000852.404643 [55984] [main] <info> Logged in
000852.404643 [55984] [main] <info> State <CONNECTING> changed to <LOADING>
000852.404643 [55984] [main] <info> Loading static data...
000852.438416 [55984] [main] <info> Loading snapshot...
000852.438416 [55984] [main] <info> State <LOADING> changed to <READY>
000852.438416 [55984] [main] <info> Main thread OK. Data refresh period: 100
000859.208731 [55984] [main] <info> Snapshot loaded: Cl: 5, As: 0
000859.208731 [55984] [main] <info> Host RAM: 8423MB total, 1553MB available, 190193KB used
000910.619605 [55984] [main] <info> Host RAM: 8423MB total, 1488MB available, 190226KB used
000911.655749 [55984] [52708] <info> Disconnecting...
000911.655749 [55984] [52708] <info> Waiting for WorkUp...
000911.655749 [55984] [main] <info> Shutdown event received
000911.655749 [55984] [main] <info> State <READY> changed to <DISCONNECTING>
000911.655749 [55984] [main] <info> Logging out...
000911.856914 [55984] [main] <info> Host RAM: 8423MB total, 1472MB available, 190345KB used
000911.856914 [55984] [main] <info> State <DISCONNECTING> changed to <DISCONNECTED>
000911.856914 [55984] [52708] <info> Disconnect OK
001127.812061 [59884] [59672] <info> Open log C:\Users\ilbou\projects\PyTransaq\Transaq\Transaq\bin\x86\Debug\netcoreapp3.1\, level 2
001127.813061 [59884] [59672] <info> System version 6.28. TXmlConnector version 2.21.16
001127.813061 [59884] [59672] <info> Initializing...
001128.823126 [59884] [59672] <info> State <DISCONNECTED> changed to <CONNECTING>
001128.823126 [59884] [main] <info> Initializing dsp...
001128.823126 [59884] [main] <info> Preparing for login...
001128.823126 [59884] [main] <info> Packet size: 65520
001128.823126 [59884] [main] <info> Logging in...
001129.066969 [59884] [main] <info> Logged in
001129.066969 [59884] [main] <info> State <CONNECTING> changed to <LOADING>
001129.066969 [59884] [main] <info> Loading static data...
001129.098215 [59884] [main] <info> Loading snapshot...
001129.098215 [59884] [main] <info> State <LOADING> changed to <READY>
001129.098215 [59884] [main] <info> Main thread OK. Data refresh period: 100
001136.161872 [59884] [main] <info> Snapshot loaded: Cl: 5, As: 0
001136.161872 [59884] [main] <info> Host RAM: 8423MB total, 1622MB available, 176246KB used
001146.996276 [59884] [main] <info> Host RAM: 8423MB total, 1502MB available, 176168KB used
001148.036918 [59884] [59672] <info> Disconnecting...
001148.036918 [59884] [59672] <info> Waiting for WorkUp...
001148.036918 [59884] [main] <info> Shutdown event received
001148.036918 [59884] [main] <info> State <READY> changed to <DISCONNECTING>
001148.037918 [59884] [main] <info> Logging out...
001148.241982 [59884] [main] <info> Host RAM: 8423MB total, 1493MB available, 176287KB used
001148.241982 [59884] [main] <info> State <DISCONNECTING> changed to <DISCONNECTED>
001148.241982 [59884] [59672] <info> Disconnect OK
001416.731131 [54156] [52112] <info> Open log C:\Users\ilbou\projects\PyTransaq\Transaq\Transaq\bin\x86\Debug\netcoreapp3.1\, level 2
001416.733099 [54156] [52112] <info> System version 6.28. TXmlConnector version 2.21.16
001416.733099 [54156] [52112] <info> Initializing...
001417.740553 [54156] [52112] <info> State <DISCONNECTED> changed to <CONNECTING>
001417.740553 [54156] [main] <info> Initializing dsp...
001417.740553 [54156] [main] <info> Preparing for login...
001417.740553 [54156] [main] <info> Packet size: 65520
001417.740553 [54156] [main] <info> Logging in...
001427.540654 [54156] [main] <warning> Failed to login
001427.540654 [54156] [main] <info> State <CONNECTING> changed to <DISCONNECTED>
001436.093668 [56328] [61224] <info> Open log C:\Users\ilbou\projects\PyTransaq\Transaq\Transaq\bin\x86\Debug\netcoreapp3.1\, level 2
001436.094668 [56328] [61224] <info> System version 6.28. TXmlConnector version 2.21.16
001436.094668 [56328] [61224] <info> Initializing...
001437.104776 [56328] [61224] <info> State <DISCONNECTED> changed to <CONNECTING>
001437.104776 [56328] [main] <info> Initializing dsp...
001437.104776 [56328] [main] <info> Preparing for login...
001437.104776 [56328] [main] <info> Packet size: 65520
001437.104776 [56328] [main] <info> Logging in...
001437.327224 [56328] [main] <info> Logged in
001437.327224 [56328] [main] <info> State <CONNECTING> changed to <LOADING>
001437.327224 [56328] [main] <info> Loading static data...
001437.358472 [56328] [main] <info> Loading snapshot...
001437.358472 [56328] [main] <info> State <LOADING> changed to <READY>
001437.358472 [56328] [main] <info> Main thread OK. Data refresh period: 100
001444.004531 [56328] [main] <info> Snapshot loaded: Cl: 5, As: 0
001444.004531 [56328] [main] <info> Host RAM: 8423MB total, 1662MB available, 174198KB used
001455.169538 [56328] [main] <info> Host RAM: 8423MB total, 1594MB available, 174350KB used
001456.188402 [56328] [61224] <info> Disconnecting...
001456.189404 [56328] [61224] <info> Waiting for WorkUp...
001456.189404 [56328] [main] <info> Shutdown event received
001456.189404 [56328] [main] <info> State <READY> changed to <DISCONNECTING>
001456.189404 [56328] [main] <info> Logging out...
001456.393123 [56328] [main] <info> Host RAM: 8423MB total, 1583MB available, 174473KB used
001456.393123 [56328] [main] <info> State <DISCONNECTING> changed to <DISCONNECTED>
001456.393123 [56328] [61224] <info> Disconnect OK
001539.267189 [45772] [62112] <info> Open log C:\Users\ilbou\projects\PyTransaq\Transaq\Transaq\bin\x86\Debug\netcoreapp3.1\, level 2
001539.267189 [45772] [62112] <info> System version 6.28. TXmlConnector version 2.21.16
001539.267189 [45772] [62112] <info> Initializing...
001540.269660 [45772] [62112] <info> State <DISCONNECTED> changed to <CONNECTING>
001540.269660 [45772] [main] <info> Initializing dsp...
001540.269660 [45772] [main] <info> Preparing for login...
001540.269660 [45772] [main] <info> Packet size: 65520
001540.269660 [45772] [main] <info> Logging in...
001540.461698 [45772] [main] <info> Logged in
001540.461698 [45772] [main] <info> State <CONNECTING> changed to <LOADING>
001540.461698 [45772] [main] <info> Loading static data...
001540.492948 [45772] [main] <info> Loading snapshot...
001540.492948 [45772] [main] <info> State <LOADING> changed to <READY>
001540.492948 [45772] [main] <info> Main thread OK. Data refresh period: 100
001547.261627 [45772] [main] <info> Snapshot loaded: Cl: 5, As: 0
001547.261627 [45772] [main] <info> Host RAM: 8423MB total, 1630MB available, 192675KB used
001606.861813 [45772] [main] <info> Host RAM: 8423MB total, 1494MB available, 192921KB used
001607.886315 [45772] [62112] <info> Disconnecting...
001607.886315 [45772] [62112] <info> Waiting for WorkUp...
001607.886315 [45772] [main] <info> Shutdown event received
001607.886315 [45772] [main] <info> State <READY> changed to <DISCONNECTING>
001607.886315 [45772] [main] <info> Logging out...
001608.097104 [45772] [main] <info> Host RAM: 8423MB total, 1502MB available, 193040KB used
001608.097104 [45772] [main] <info> State <DISCONNECTING> changed to <DISCONNECTED>
001608.097104 [45772] [62112] <info> Disconnect OK
002309.199273 [60260] [59928] <info> Open log C:\Users\ilbou\projects\PyTransaq\Transaq\Transaq\bin\x86\Debug\netcoreapp3.1\, level 2
002309.199273 [60260] [59928] <info> System version 6.28. TXmlConnector version 2.21.16
002309.199273 [60260] [59928] <info> Initializing...
002310.209034 [60260] [59928] <info> State <DISCONNECTED> changed to <CONNECTING>
002310.209034 [60260] [main] <info> Initializing dsp...
002310.209034 [60260] [main] <info> Preparing for login...
002310.209034 [60260] [main] <info> Packet size: 65520
002310.209034 [60260] [main] <info> Logging in...
002310.414094 [60260] [main] <info> Logged in
002310.414094 [60260] [main] <info> State <CONNECTING> changed to <LOADING>
002310.414094 [60260] [main] <info> Loading static data...
002310.445337 [60260] [main] <info> Loading snapshot...
002310.445337 [60260] [main] <info> State <LOADING> changed to <READY>
002310.445337 [60260] [main] <info> Main thread OK. Data refresh period: 100
002317.193088 [60260] [main] <info> Snapshot loaded: Cl: 5, As: 0
002317.193088 [60260] [main] <info> Host RAM: 8423MB total, 1611MB available, 142725KB used
002328.100733 [60260] [main] <info> Host RAM: 8423MB total, 1544MB available, 142938KB used
002329.137605 [60260] [59928] <info> Disconnecting...
002329.137605 [60260] [59928] <info> Waiting for WorkUp...
002329.137605 [60260] [main] <info> Shutdown event received
002329.137605 [60260] [main] <info> State <READY> changed to <DISCONNECTING>
002329.137605 [60260] [main] <info> Logging out...
002329.352582 [60260] [main] <info> Host RAM: 8423MB total, 1540MB available, 143065KB used
002329.352582 [60260] [main] <info> State <DISCONNECTING> changed to <DISCONNECTED>
002329.352582 [60260] [59928] <info> Disconnect OK
002612.362887 [58076] [23108] <info> Open log C:\Users\ilbou\projects\PyTransaq\Transaq\Transaq\bin\x86\Debug\netcoreapp3.1\, level 2
002612.363886 [58076] [23108] <info> System version 6.28. TXmlConnector version 2.21.16
002612.363886 [58076] [23108] <info> Initializing...
002613.373765 [58076] [23108] <info> State <DISCONNECTED> changed to <CONNECTING>
002613.373765 [58076] [main] <info> Initializing dsp...
002613.373765 [58076] [main] <info> Preparing for login...
002613.373765 [58076] [main] <info> Packet size: 65520
002613.373765 [58076] [main] <info> Logging in...
002613.581230 [58076] [main] <info> Logged in
002613.581230 [58076] [main] <info> State <CONNECTING> changed to <LOADING>
002613.581230 [58076] [main] <info> Loading static data...
002613.612480 [58076] [main] <info> Loading snapshot...
002613.612480 [58076] [main] <info> State <LOADING> changed to <READY>
002613.612480 [58076] [main] <info> Main thread OK. Data refresh period: 100
002620.697569 [58076] [main] <info> Snapshot loaded: Cl: 5, As: 0
002620.697569 [58076] [main] <info> Host RAM: 8423MB total, 1627MB available, 188928KB used
002631.406975 [58076] [main] <info> Host RAM: 8423MB total, 1548MB available, 190377KB used
002632.434713 [58076] [23108] <info> Disconnecting...
002632.434713 [58076] [23108] <info> Waiting for WorkUp...
002632.434713 [58076] [main] <info> Shutdown event received
002632.434713 [58076] [main] <info> State <READY> changed to <DISCONNECTING>
002632.434713 [58076] [main] <info> Logging out...
002632.637169 [58076] [main] <info> Host RAM: 8423MB total, 1531MB available, 190496KB used
002632.637169 [58076] [main] <info> State <DISCONNECTING> changed to <DISCONNECTED>
002632.637169 [58076] [23108] <info> Disconnect OK
002821.786768 [58460] [7900] <info> Open log C:\Users\ilbou\projects\PyTransaq\Transaq\Transaq\bin\x86\Debug\netcoreapp3.1\, level 2
002821.787768 [58460] [7900] <info> System version 6.28. TXmlConnector version 2.21.16
002821.787768 [58460] [7900] <info> Initializing...
002822.794120 [58460] [7900] <info> State <DISCONNECTED> changed to <CONNECTING>
002822.794120 [58460] [main] <info> Initializing dsp...
002822.794120 [58460] [main] <info> Preparing for login...
002822.794120 [58460] [main] <info> Packet size: 65520
002822.794120 [58460] [main] <info> Logging in...
002823.001898 [58460] [main] <info> Logged in
002823.001898 [58460] [main] <info> State <CONNECTING> changed to <LOADING>
002823.001898 [58460] [main] <info> Loading static data...
002823.033145 [58460] [main] <info> Loading snapshot...
002823.033145 [58460] [main] <info> State <LOADING> changed to <READY>
002823.033145 [58460] [main] <info> Main thread OK. Data refresh period: 100
002830.090035 [58460] [main] <info> Snapshot loaded: Cl: 5, As: 0
002830.090035 [58460] [main] <info> Host RAM: 8423MB total, 1693MB available, 166010KB used
002842.019898 [58460] [main] <info> Host RAM: 8423MB total, 1627MB available, 166232KB used
002843.060277 [58460] [7900] <info> Disconnecting...
002843.060277 [58460] [7900] <info> Waiting for WorkUp...
002843.060277 [58460] [main] <info> Shutdown event received
002843.060277 [58460] [main] <info> State <READY> changed to <DISCONNECTING>
002843.061275 [58460] [main] <info> Logging out...
002843.270562 [58460] [main] <info> Host RAM: 8423MB total, 1591MB available, 166354KB used
002843.270562 [58460] [main] <info> State <DISCONNECTING> changed to <DISCONNECTED>
002843.270562 [58460] [7900] <info> Disconnect OK
