034240.962504 [55620] [16168] <info> Open log C:\Users\ilbou\projects\PyTransaq\Transaq\Transaq\bin\x86\Debug\netcoreapp3.1\, level 2
034240.965504 [55620] [16168] <info> System version 6.28. TXmlConnector version 2.21.16
034240.965504 [55620] [16168] <info> Initializing...
034241.975620 [55620] [16168] <info> State <DISCONNECTED> changed to <CONNECTING>
034241.976279 [55620] [main] <info> Initializing dsp...
034241.976279 [55620] [main] <info> Preparing for login...
034241.977296 [55620] [main] <info> Packet size: 65520
034241.977296 [55620] [main] <info> Logging in...
034242.223293 [55620] [main] <info> Logged in
034242.224294 [55620] [main] <info> State <CONNECTING> changed to <LOADING>
034242.224294 [55620] [main] <info> Loading static data...
034242.260295 [55620] [main] <info> Loading snapshot...
034242.260295 [55620] [main] <info> State <LOADING> changed to <READY>
034242.260295 [55620] [main] <info> Main thread OK. Data refresh period: 100
034249.575295 [55620] [main] <info> Snapshot loaded: Cl: 5, As: 0
034249.613298 [55620] [main] <info> Host RAM: 8423MB total, 601MB available, 105054KB used
034302.055294 [55620] [main] <info> Host RAM: 8423MB total, 525MB available, 105148KB used
034317.290107 [58476] [57568] <info> Open log C:\Users\ilbou\projects\PyTransaq\Transaq\Transaq\bin\x86\Debug\netcoreapp3.1\, level 2
034317.290107 [58476] [57568] <info> System version 6.28. TXmlConnector version 2.21.16
034317.290107 [58476] [57568] <info> Initializing...
034318.299634 [58476] [57568] <info> State <DISCONNECTED> changed to <CONNECTING>
034318.299634 [58476] [main] <info> Initializing dsp...
034318.300659 [58476] [main] <info> Preparing for login...
034318.300659 [58476] [main] <info> Packet size: 65520
034318.300659 [58476] [main] <info> Logging in...
034327.105404 [58476] [main] <warning> Failed to login
034327.105404 [58476] [main] <info> State <CONNECTING> changed to <DISCONNECTED>
034346.432373 [57364] [55204] <info> Open log C:\Users\ilbou\projects\PyTransaq\Transaq\Transaq\bin\x86\Debug\netcoreapp3.1\, level 2
034346.433407 [57364] [55204] <info> System version 6.28. TXmlConnector version 2.21.16
034346.433407 [57364] [55204] <info> Initializing...
034347.444510 [57364] [55204] <info> State <DISCONNECTED> changed to <CONNECTING>
034347.444510 [57364] [main] <info> Initializing dsp...
034347.445535 [57364] [main] <info> Preparing for login...
034347.445535 [57364] [main] <info> Packet size: 65520
034347.445535 [57364] [main] <info> Logging in...
034357.485249 [57364] [main] <warning> Failed to login
034357.485249 [57364] [main] <info> State <CONNECTING> changed to <DISCONNECTED>
034459.744220 [51956] [58748] <info> Open log C:\Users\ilbou\projects\PyTransaq\Transaq\Transaq\bin\x86\Debug\netcoreapp3.1\, level 2
034459.745221 [51956] [58748] <info> System version 6.28. TXmlConnector version 2.21.16
034459.745221 [51956] [58748] <info> Initializing...
034500.751452 [51956] [58748] <info> State <DISCONNECTED> changed to <CONNECTING>
034500.752195 [51956] [main] <info> Initializing dsp...
034500.752195 [51956] [main] <info> Preparing for login...
034500.752195 [51956] [main] <info> Packet size: 65520
034500.752195 [51956] [main] <info> Logging in...
034510.792225 [51956] [main] <warning> Failed to login
034510.792225 [51956] [main] <info> State <CONNECTING> changed to <DISCONNECTED>
035631.868424 [59560] [54528] <info> Open log C:\Users\ilbou\projects\PyTransaq\Transaq\Transaq\bin\x86\Debug\netcoreapp3.1\, level 2
035631.869428 [59560] [54528] <info> System version 6.28. TXmlConnector version 2.21.16
035631.869428 [59560] [54528] <info> Initializing...
035632.878236 [59560] [54528] <info> State <DISCONNECTED> changed to <CONNECTING>
035632.879254 [59560] [main] <info> Initializing dsp...
035632.879254 [59560] [main] <info> Preparing for login...
035632.879254 [59560] [main] <info> Packet size: 65520
035632.879254 [59560] [main] <info> Logging in...
035633.127251 [59560] [main] <info> Logged in
035633.127251 [59560] [main] <info> State <CONNECTING> changed to <LOADING>
035633.127251 [59560] [main] <info> Loading static data...
035633.159255 [59560] [main] <info> Loading snapshot...
035633.159255 [59560] [main] <info> State <LOADING> changed to <READY>
035633.159255 [59560] [main] <info> Main thread OK. Data refresh period: 100
035640.471252 [59560] [main] <info> Snapshot loaded: Cl: 5, As: 0
035640.494251 [59560] [main] <info> Host RAM: 8423MB total, 1763MB available, 147697KB used
035653.088253 [59560] [main] <info> Host RAM: 8423MB total, 1616MB available, 147714KB used
035812.862230 [59680] [55224] <info> Open log C:\Users\ilbou\projects\PyTransaq\Transaq\Transaq\bin\x86\Debug\netcoreapp3.1\, level 2
035812.863265 [59680] [55224] <info> System version 6.28. TXmlConnector version 2.21.16
035812.863265 [59680] [55224] <info> Initializing...
035813.876835 [59680] [55224] <info> State <DISCONNECTED> changed to <CONNECTING>
035813.877855 [59680] [main] <info> Initializing dsp...
035813.877855 [59680] [main] <info> Preparing for login...
035813.877855 [59680] [main] <info> Packet size: 65520
035813.877855 [59680] [main] <info> Logging in...
035814.106854 [59680] [main] <info> Logged in
035814.106854 [59680] [main] <info> State <CONNECTING> changed to <LOADING>
035814.106854 [59680] [main] <info> Loading static data...
035814.148856 [59680] [main] <info> Loading snapshot...
035814.148856 [59680] [main] <info> State <LOADING> changed to <READY>
035814.148856 [59680] [main] <info> Main thread OK. Data refresh period: 100
035821.272855 [59680] [main] <info> Snapshot loaded: Cl: 5, As: 0
035821.296890 [59680] [main] <info> Host RAM: 8423MB total, 1379MB available, 181899KB used
035856.530036 [59680] [main] <info> Host RAM: 8423MB total, 1181MB available, 181682KB used
040348.871435 [57200] [57596] <info> Open log C:\Users\ilbou\projects\PyTransaq\Transaq\Transaq\bin\x86\Debug\netcoreapp3.1\, level 2
040348.872434 [57200] [57596] <info> System version 6.28. TXmlConnector version 2.21.16
040348.872434 [57200] [57596] <info> Initializing...
040349.887283 [57200] [57596] <info> State <DISCONNECTED> changed to <CONNECTING>
040349.887283 [57200] [main] <info> Initializing dsp...
040349.888316 [57200] [main] <info> Preparing for login...
040349.888316 [57200] [main] <info> Packet size: 65520
040349.888316 [57200] [main] <info> Logging in...
040350.127301 [57200] [main] <info> Logged in
040350.127301 [57200] [main] <info> State <CONNECTING> changed to <LOADING>
040350.127301 [57200] [main] <info> Loading static data...
040350.164302 [57200] [main] <info> Loading snapshot...
040350.165302 [57200] [main] <info> State <LOADING> changed to <READY>
040350.165302 [57200] [main] <info> Main thread OK. Data refresh period: 100
040357.538305 [57200] [main] <info> Snapshot loaded: Cl: 5, As: 0
040357.562308 [57200] [main] <info> Host RAM: 8423MB total, 1612MB available, 102879KB used
040418.328302 [57200] [main] <info> Host RAM: 8423MB total, 1510MB available, 102907KB used
161642.305350 [34780] [54804] <info> Open log C:\Users\ilbou\projects\PyTransaq\Transaq\Transaq\bin\x86\Debug\netcoreapp3.1\, level 2
161642.307386 [34780] [54804] <info> System version 6.28. TXmlConnector version 2.21.16
161642.308349 [34780] [54804] <info> Initializing...
161643.314269 [34780] [54804] <info> State <DISCONNECTED> changed to <CONNECTING>
161643.315022 [34780] [main] <info> Initializing dsp...
161643.315022 [34780] [main] <info> Preparing for login...
161643.315022 [34780] [main] <info> Packet size: 65520
161643.315022 [34780] [main] <info> Logging in...
161652.995014 [34780] [main] <warning> Failed to login
161652.995014 [34780] [main] <info> State <CONNECTING> changed to <DISCONNECTED>
161735.349110 [54652] [44796] <info> Open log C:\Users\ilbou\projects\PyTransaq\Transaq\Transaq\bin\x86\Debug\netcoreapp3.1\, level 2
161735.350145 [54652] [44796] <info> System version 6.28. TXmlConnector version 2.21.16
161735.350145 [54652] [44796] <info> Initializing...
161736.356523 [54652] [44796] <info> State <DISCONNECTED> changed to <CONNECTING>
161736.356523 [54652] [main] <info> Initializing dsp...
161736.356523 [54652] [main] <info> Preparing for login...
161736.356523 [54652] [main] <info> Packet size: 65520
161736.356523 [54652] [main] <info> Logging in...
161740.993497 [54652] [main] <warning> Failed to login
161740.993497 [54652] [main] <info> State <CONNECTING> changed to <DISCONNECTED>
161842.560604 [48192] [43884] <info> Open log C:\Users\ilbou\projects\PyTransaq\Transaq\Transaq\bin\x86\Debug\netcoreapp3.1\, level 2
161842.561638 [48192] [43884] <info> System version 6.28. TXmlConnector version 2.21.16
161842.561638 [48192] [43884] <info> Initializing...
161843.572128 [48192] [43884] <info> State <DISCONNECTED> changed to <CONNECTING>
161843.573148 [48192] [main] <info> Initializing dsp...
161843.573148 [48192] [main] <info> Preparing for login...
161843.573148 [48192] [main] <info> Packet size: 65520
161843.573148 [48192] [main] <info> Logging in...
161843.745144 [48192] [main] <info> Logged in
161843.745144 [48192] [main] <info> State <CONNECTING> changed to <LOADING>
161843.746143 [48192] [main] <info> Loading static data...
161843.786144 [48192] [main] <info> Loading snapshot...
161843.786144 [48192] [main] <info> State <LOADING> changed to <READY>
161843.787145 [48192] [main] <info> Main thread OK. Data refresh period: 100
161850.029626 [48192] [main] <info> Snapshot loaded: Cl: 5, As: 0
161850.050662 [48192] [main] <info> Host RAM: 8423MB total, 858MB available, 189681KB used
161907.331836 [48192] [main] <info> Host RAM: 8423MB total, 751MB available, 189632KB used
162035.720379 [15416] [55636] <info> Open log C:\Users\ilbou\projects\PyTransaq\Transaq\Transaq\bin\x86\Debug\netcoreapp3.1\, level 2
162035.721400 [15416] [55636] <info> System version 6.28. TXmlConnector version 2.21.16
162035.721400 [15416] [55636] <info> Initializing...
162036.724892 [15416] [55636] <info> State <DISCONNECTED> changed to <CONNECTING>
162036.724892 [15416] [main] <info> Initializing dsp...
162036.725833 [15416] [main] <info> Preparing for login...
162036.725833 [15416] [main] <info> Packet size: 65520
162036.725833 [15416] [main] <info> Logging in...
162042.866128 [15416] [main] <warning> Failed to login
162042.867097 [15416] [main] <info> State <CONNECTING> changed to <DISCONNECTED>
162424.739724 [18920] [9412] <info> Open log C:\Users\ilbou\projects\PyTransaq\Transaq\Transaq\bin\x86\Debug\netcoreapp3.1\, level 2
162424.743270 [18920] [9412] <info> System version 6.28. TXmlConnector version 2.21.16
162424.744240 [18920] [9412] <info> Initializing...
162425.757690 [18920] [9412] <info> State <DISCONNECTED> changed to <CONNECTING>
162425.758717 [18920] [main] <info> Initializing dsp...
162425.758717 [18920] [main] <info> Preparing for login...
162425.758717 [18920] [main] <info> Packet size: 65520
162425.758717 [18920] [main] <info> Logging in...
162425.970713 [18920] [main] <info> Logged in
162425.970713 [18920] [main] <info> State <CONNECTING> changed to <LOADING>
162425.970713 [18920] [main] <info> Loading static data...
162426.005717 [18920] [main] <info> Loading snapshot...
162426.006716 [18920] [main] <info> State <LOADING> changed to <READY>
162426.006716 [18920] [main] <info> Main thread OK. Data refresh period: 100
162431.968712 [18920] [main] <info> Snapshot loaded: Cl: 5, As: 0
162431.990712 [18920] [main] <info> Host RAM: 8423MB total, 476MB available, 199237KB used
162455.473354 [18920] [main] <info> Host RAM: 8423MB total, 526MB available, 192507KB used
162602.053666 [50932] [45556] <info> Open log C:\Users\ilbou\projects\PyTransaq\Transaq\Transaq\bin\x86\Debug\netcoreapp3.1\, level 2
162602.053666 [50932] [45556] <info> System version 6.28. TXmlConnector version 2.21.16
162602.053666 [50932] [45556] <info> Initializing...
162603.065511 [50932] [45556] <info> State <DISCONNECTED> changed to <CONNECTING>
162603.066289 [50932] [main] <info> Initializing dsp...
162603.066289 [50932] [main] <info> Preparing for login...
162603.066289 [50932] [main] <info> Packet size: 65520
162603.066289 [50932] [main] <info> Logging in...
162603.229314 [50932] [main] <info> Logged in
162603.229314 [50932] [main] <info> State <CONNECTING> changed to <LOADING>
162603.229314 [50932] [main] <info> Loading static data...
162603.259282 [50932] [main] <info> Loading snapshot...
162603.259282 [50932] [main] <info> State <LOADING> changed to <READY>
162603.259282 [50932] [main] <info> Main thread OK. Data refresh period: 100
162613.468281 [50932] [main] <info> Snapshot loaded: Cl: 5, As: 0
162613.491283 [50932] [main] <info> Host RAM: 8423MB total, 622MB available, 148389KB used
162628.150708 [50932] [main] <info> Host RAM: 8423MB total, 616MB available, 147361KB used
162757.304444 [3616] [61432] <info> Open log C:\Users\ilbou\projects\PyTransaq\Transaq\Transaq\bin\x86\Debug\netcoreapp3.1\, level 2
162757.304444 [3616] [61432] <info> System version 6.28. TXmlConnector version 2.21.16
162757.304444 [3616] [61432] <info> Initializing...
162758.312063 [3616] [61432] <info> State <DISCONNECTED> changed to <CONNECTING>
162758.312063 [3616] [main] <info> Initializing dsp...
162758.312063 [3616] [main] <info> Preparing for login...
162758.312063 [3616] [main] <info> Packet size: 65520
162758.312063 [3616] [main] <info> Logging in...
162758.475064 [3616] [main] <info> Logged in
162758.475064 [3616] [main] <info> State <CONNECTING> changed to <LOADING>
162758.475064 [3616] [main] <info> Loading static data...
162758.504064 [3616] [main] <info> Loading snapshot...
162758.505066 [3616] [main] <info> State <LOADING> changed to <READY>
162758.505066 [3616] [main] <info> Main thread OK. Data refresh period: 100
162805.407069 [3616] [main] <info> Snapshot loaded: Cl: 5, As: 0
162805.432099 [3616] [main] <info> Host RAM: 8423MB total, 985MB available, 186159KB used
162825.403382 [3616] [main] <info> Host RAM: 8423MB total, 882MB available, 186134KB used
163035.750369 [44504] [57164] <info> Open log C:\Users\ilbou\projects\PyTransaq\Transaq\Transaq\bin\x86\Debug\netcoreapp3.1\, level 2
163035.751403 [44504] [57164] <info> System version 6.28. TXmlConnector version 2.21.16
163035.751403 [44504] [57164] <info> Initializing...
163036.754737 [44504] [57164] <info> State <DISCONNECTED> changed to <CONNECTING>
163036.754737 [44504] [main] <info> Initializing dsp...
163036.754737 [44504] [main] <info> Preparing for login...
163036.754737 [44504] [main] <info> Packet size: 65520
163036.754737 [44504] [main] <info> Logging in...
163036.948740 [44504] [main] <info> Logged in
163036.949740 [44504] [main] <info> State <CONNECTING> changed to <LOADING>
163036.949740 [44504] [main] <info> Loading static data...
163036.988740 [44504] [main] <info> Loading snapshot...
163036.989742 [44504] [main] <info> State <LOADING> changed to <READY>
163036.989742 [44504] [main] <info> Main thread OK. Data refresh period: 100
163043.658740 [44504] [main] <info> Snapshot loaded: Cl: 5, As: 0
163043.802772 [44504] [main] <info> Host RAM: 8423MB total, 1020MB available, 169345KB used
163055.723518 [44504] [main] <info> Host RAM: 8423MB total, 969MB available, 170315KB used
163417.240247 [18924] [31912] <info> Open log C:\Users\ilbou\projects\PyTransaq\Transaq\Transaq\bin\x86\Debug\netcoreapp3.1\, level 2
163417.241274 [18924] [31912] <info> System version 6.28. TXmlConnector version 2.21.16
163417.241274 [18924] [31912] <info> Initializing...
163418.252937 [18924] [31912] <info> State <DISCONNECTED> changed to <CONNECTING>
163418.253662 [18924] [main] <info> Initializing dsp...
163418.253662 [18924] [main] <info> Preparing for login...
163418.253662 [18924] [main] <info> Packet size: 65520
163418.253662 [18924] [main] <info> Logging in...
163425.746654 [18924] [main] <warning> Failed to login
163425.746654 [18924] [main] <info> State <CONNECTING> changed to <DISCONNECTED>
163526.470977 [5416] [60168] <info> Open log C:\Users\ilbou\projects\PyTransaq\Transaq\Transaq\bin\x86\Debug\netcoreapp3.1\, level 2
163526.471976 [5416] [60168] <info> System version 6.28. TXmlConnector version 2.21.16
163526.471976 [5416] [60168] <info> Initializing...
163527.482695 [5416] [60168] <info> State <DISCONNECTED> changed to <CONNECTING>
163527.483419 [5416] [main] <info> Initializing dsp...
163527.483419 [5416] [main] <info> Preparing for login...
163527.483419 [5416] [main] <info> Packet size: 65520
163527.483419 [5416] [main] <info> Logging in...
163534.217414 [5416] [main] <warning> Failed to login
163534.217414 [5416] [main] <info> State <CONNECTING> changed to <DISCONNECTED>
163752.936552 [53416] [54960] <info> Open log C:\Users\ilbou\projects\PyTransaq\Transaq\Transaq\bin\x86\Debug\netcoreapp3.1\, level 2
163752.937534 [53416] [54960] <info> System version 6.28. TXmlConnector version 2.21.16
163752.937534 [53416] [54960] <info> Initializing...
163753.950112 [53416] [54960] <info> State <DISCONNECTED> changed to <CONNECTING>
163753.951137 [53416] [main] <info> Initializing dsp...
163753.951137 [53416] [main] <info> Preparing for login...
163753.951137 [53416] [main] <info> Packet size: 65520
163753.951137 [53416] [main] <info> Logging in...
163754.118131 [53416] [main] <info> Logged in
163754.118131 [53416] [main] <info> State <CONNECTING> changed to <LOADING>
163754.118131 [53416] [main] <info> Loading static data...
163754.264128 [53416] [main] <info> Loading snapshot...
163754.264128 [53416] [main] <info> State <LOADING> changed to <READY>
163754.264128 [53416] [main] <info> Main thread OK. Data refresh period: 100
163801.197472 [53416] [main] <info> Snapshot loaded: Cl: 5, As: 0
163801.221510 [53416] [main] <info> Host RAM: 8423MB total, 1179MB available, 192212KB used
163813.387481 [53416] [main] <info> Host RAM: 8423MB total, 1085MB available, 191418KB used
164132.779612 [54576] [54044] <info> Open log C:\Users\ilbou\projects\PyTransaq\Transaq\Transaq\bin\x86\Debug\netcoreapp3.1\, level 2
164132.780661 [54576] [54044] <info> System version 6.28. TXmlConnector version 2.21.16
164132.780661 [54576] [54044] <info> Initializing...
164133.788021 [54576] [54044] <info> State <DISCONNECTED> changed to <CONNECTING>
164133.788021 [54576] [main] <info> Initializing dsp...
164133.789036 [54576] [main] <info> Preparing for login...
164133.789036 [54576] [main] <info> Packet size: 65520
164133.789036 [54576] [main] <info> Logging in...
164133.978030 [54576] [main] <info> Logged in
164133.979033 [54576] [main] <info> State <CONNECTING> changed to <LOADING>
164133.979033 [54576] [main] <info> Loading static data...
164134.013035 [54576] [main] <info> Loading snapshot...
164134.013035 [54576] [main] <info> State <LOADING> changed to <READY>
164134.013035 [54576] [main] <info> Main thread OK. Data refresh period: 100
164142.642952 [59420] [60500] <info> Open log C:\Users\ilbou\projects\PyTransaq\Transaq\Transaq\bin\x86\Debug\netcoreapp3.1\, level 2
164142.643958 [59420] [60500] <info> System version 6.28. TXmlConnector version 2.21.16
164142.643958 [59420] [60500] <info> Initializing...
164143.650925 [59420] [60500] <info> State <DISCONNECTED> changed to <CONNECTING>
164143.650925 [59420] [main] <info> Initializing dsp...
164143.651954 [59420] [main] <info> Preparing for login...
164143.651954 [59420] [main] <info> Packet size: 65520
164143.651954 [59420] [main] <info> Logging in...
164143.820947 [59420] [main] <info> Logged in
164143.820947 [59420] [main] <info> State <CONNECTING> changed to <LOADING>
164143.820947 [59420] [main] <info> Loading static data...
164143.857947 [59420] [main] <info> Loading snapshot...
164143.857947 [59420] [main] <info> State <LOADING> changed to <READY>
164143.858946 [59420] [main] <info> Main thread OK. Data refresh period: 100
164151.791281 [59420] [main] <info> Snapshot loaded: Cl: 5, As: 0
164151.829280 [59420] [main] <info> Host RAM: 8423MB total, 903MB available, 166592KB used
164216.999168 [59420] [main] <info> Host RAM: 8423MB total, 729MB available, 166518KB used
164310.261153 [16092] [55772] <info> Open log C:\Users\ilbou\projects\PyTransaq\Transaq\Transaq\bin\x86\Debug\netcoreapp3.1\, level 2
164310.262185 [16092] [55772] <info> System version 6.28. TXmlConnector version 2.21.16
164310.262185 [16092] [55772] <info> Initializing...
164311.276636 [16092] [55772] <info> State <DISCONNECTED> changed to <CONNECTING>
164311.276636 [16092] [main] <info> Initializing dsp...
164311.276636 [16092] [main] <info> Preparing for login...
164311.276636 [16092] [main] <info> Packet size: 65520
164311.276636 [16092] [main] <info> Logging in...
164311.450693 [16092] [main] <info> Logged in
164311.451645 [16092] [main] <info> State <CONNECTING> changed to <LOADING>
164311.451645 [16092] [main] <info> Loading static data...
164311.488685 [16092] [main] <info> Loading snapshot...
164311.488685 [16092] [main] <info> State <LOADING> changed to <READY>
164311.488685 [16092] [main] <info> Main thread OK. Data refresh period: 100
164320.183646 [16092] [main] <info> Snapshot loaded: Cl: 5, As: 0
164320.208646 [16092] [main] <info> Host RAM: 8423MB total, 1148MB available, 189722KB used
164330.336049 [16092] [main] <info> Host RAM: 8423MB total, 1094MB available, 191336KB used
164558.948492 [56720] [55076] <info> Open log C:\Users\ilbou\projects\PyTransaq\Transaq\Transaq\bin\x86\Debug\netcoreapp3.1\, level 2
164558.948492 [56720] [55076] <info> System version 6.28. TXmlConnector version 2.21.16
164558.948492 [56720] [55076] <info> Initializing...
164559.962637 [56720] [55076] <info> State <DISCONNECTED> changed to <CONNECTING>
164559.963663 [56720] [main] <info> Initializing dsp...
164559.963663 [56720] [main] <info> Preparing for login...
164559.963663 [56720] [main] <info> Packet size: 65520
164559.963663 [56720] [main] <info> Logging in...
164600.151695 [56720] [main] <info> Logged in
164600.151695 [56720] [main] <info> State <CONNECTING> changed to <LOADING>
164600.151695 [56720] [main] <info> Loading static data...
164600.211657 [56720] [main] <info> Loading snapshot...
164600.211657 [56720] [main] <info> State <LOADING> changed to <READY>
164600.211657 [56720] [main] <info> Main thread OK. Data refresh period: 100
164608.064578 [56720] [main] <info> Snapshot loaded: Cl: 5, As: 0
164608.086580 [56720] [main] <info> Host RAM: 8423MB total, 1104MB available, 190771KB used
164620.457822 [56720] [main] <info> Host RAM: 8423MB total, 998MB available, 191045KB used
164711.127514 [48508] [40532] <info> Open log C:\Users\ilbou\projects\PyTransaq\Transaq\Transaq\bin\x86\Debug\netcoreapp3.1\, level 2
164711.127514 [48508] [40532] <info> System version 6.28. TXmlConnector version 2.21.16
164711.127514 [48508] [40532] <info> Initializing...
164712.130204 [48508] [40532] <info> State <DISCONNECTED> changed to <CONNECTING>
164712.130204 [48508] [main] <info> Initializing dsp...
164712.130204 [48508] [main] <info> Preparing for login...
164712.131201 [48508] [main] <info> Packet size: 65520
164712.131201 [48508] [main] <info> Logging in...
164712.307199 [48508] [main] <info> Logged in
164712.307199 [48508] [main] <info> State <CONNECTING> changed to <LOADING>
164712.307199 [48508] [main] <info> Loading static data...
164712.352204 [48508] [main] <info> Loading snapshot...
164712.352204 [48508] [main] <info> State <LOADING> changed to <READY>
164712.352204 [48508] [main] <info> Main thread OK. Data refresh period: 100
164718.343200 [48508] [main] <info> Snapshot loaded: Cl: 5, As: 0
164718.365200 [48508] [main] <info> Host RAM: 8423MB total, 1067MB available, 187105KB used
164743.593883 [48508] [main] <info> Host RAM: 8423MB total, 1121MB available, 187207KB used
164832.359273 [60968] [59852] <info> Open log C:\Users\ilbou\projects\PyTransaq\Transaq\Transaq\bin\x86\Debug\netcoreapp3.1\, level 2
164832.359273 [60968] [59852] <info> System version 6.28. TXmlConnector version 2.21.16
164832.359273 [60968] [59852] <info> Initializing...
164833.370742 [60968] [59852] <info> State <DISCONNECTED> changed to <CONNECTING>
164833.371764 [60968] [main] <info> Initializing dsp...
164833.371764 [60968] [main] <info> Preparing for login...
164833.371764 [60968] [main] <info> Packet size: 65520
164833.371764 [60968] [main] <info> Logging in...
164833.547758 [60968] [main] <info> Logged in
164833.547758 [60968] [main] <info> State <CONNECTING> changed to <LOADING>
164833.547758 [60968] [main] <info> Loading static data...
164833.589761 [60968] [main] <info> Loading snapshot...
164833.589761 [60968] [main] <info> State <LOADING> changed to <READY>
164833.589761 [60968] [main] <info> Main thread OK. Data refresh period: 100
164840.247761 [60968] [main] <info> Snapshot loaded: Cl: 5, As: 0
164840.271795 [60968] [main] <info> Host RAM: 8423MB total, 1247MB available, 190025KB used
164900.987354 [60968] [main] <info> Host RAM: 8423MB total, 1157MB available, 190164KB used
165013.635441 [0524] [37648] <info> Open log C:\Users\ilbou\projects\PyTransaq\Transaq\Transaq\bin\x86\Debug\netcoreapp3.1\, level 2
165013.635441 [0524] [37648] <info> System version 6.28. TXmlConnector version 2.21.16
165013.635441 [0524] [37648] <info> Initializing...
165014.647204 [0524] [37648] <info> State <DISCONNECTED> changed to <CONNECTING>
165014.648226 [0524] [main] <info> Initializing dsp...
165014.648226 [0524] [main] <info> Preparing for login...
165014.648226 [0524] [main] <info> Packet size: 65520
165014.648226 [0524] [main] <info> Logging in...
165014.856226 [0524] [main] <info> Logged in
165014.856226 [0524] [main] <info> State <CONNECTING> changed to <LOADING>
165014.856226 [0524] [main] <info> Loading static data...
165015.060223 [0524] [main] <info> Loading snapshot...
165015.060223 [0524] [main] <info> State <LOADING> changed to <READY>
165015.060223 [0524] [main] <info> Main thread OK. Data refresh period: 100
165021.361520 [0524] [main] <info> Snapshot loaded: Cl: 5, As: 0
165021.383569 [0524] [main] <info> Host RAM: 8423MB total, 1253MB available, 184139KB used
165045.486875 [0524] [main] <info> Host RAM: 8423MB total, 1118MB available, 185708KB used
170432.316432 [56208] [29732] <info> Open log C:\Users\ilbou\projects\PyTransaq\Transaq\Transaq\bin\x86\Debug\netcoreapp3.1\, level 2
170432.316432 [56208] [29732] <info> System version 6.28. TXmlConnector version 2.21.16
170432.316432 [56208] [29732] <info> Initializing...
170433.325021 [56208] [29732] <info> State <DISCONNECTED> changed to <CONNECTING>
170433.326014 [56208] [main] <info> Initializing dsp...
170433.326014 [56208] [main] <info> Preparing for login...
170433.326014 [56208] [main] <info> Packet size: 65520
170433.326014 [56208] [main] <info> Logging in...
170433.546060 [56208] [main] <info> Logged in
170433.546060 [56208] [main] <info> State <CONNECTING> changed to <LOADING>
170433.546060 [56208] [main] <info> Loading static data...
170433.583012 [56208] [main] <info> Loading snapshot...
170433.583012 [56208] [main] <info> State <LOADING> changed to <READY>
170433.583012 [56208] [main] <info> Main thread OK. Data refresh period: 100
170439.828011 [56208] [main] <info> Snapshot loaded: Cl: 5, As: 0
170439.852011 [56208] [main] <info> Host RAM: 8423MB total, 1189MB available, 172359KB used
170503.756910 [56208] [main] <info> Host RAM: 8423MB total, 1094MB available, 173748KB used
170551.307318 [44868] [52884] <info> Open log C:\Users\ilbou\projects\PyTransaq\Transaq\Transaq\bin\x86\Debug\netcoreapp3.1\, level 2
170551.308350 [44868] [52884] <info> System version 6.28. TXmlConnector version 2.21.16
170551.308350 [44868] [52884] <info> Initializing...
170552.318532 [44868] [52884] <info> State <DISCONNECTED> changed to <CONNECTING>
170552.318532 [44868] [main] <info> Initializing dsp...
170552.318532 [44868] [main] <info> Preparing for login...
170552.318532 [44868] [main] <info> Packet size: 65520
170552.318532 [44868] [main] <info> Logging in...
170552.500540 [44868] [main] <info> Logged in
170552.500540 [44868] [main] <info> State <CONNECTING> changed to <LOADING>
170552.500540 [44868] [main] <info> Loading static data...
170552.537542 [44868] [main] <info> Loading snapshot...
170552.537542 [44868] [main] <info> State <LOADING> changed to <READY>
170552.537542 [44868] [main] <info> Main thread OK. Data refresh period: 100
170559.388564 [44868] [main] <info> Snapshot loaded: Cl: 5, As: 0
170559.413558 [44868] [main] <info> Host RAM: 8423MB total, 1287MB available, 107806KB used
170612.139620 [44868] [main] <info> Host RAM: 8423MB total, 1178MB available, 107823KB used
170658.906835 [50128] [58512] <info> Open log C:\Users\ilbou\projects\PyTransaq\Transaq\Transaq\bin\x86\Debug\netcoreapp3.1\, level 2
170658.907834 [50128] [58512] <info> System version 6.28. TXmlConnector version 2.21.16
170658.907834 [50128] [58512] <info> Initializing...
170659.914657 [50128] [58512] <info> State <DISCONNECTED> changed to <CONNECTING>
170659.914657 [50128] [main] <info> Initializing dsp...
170659.915685 [50128] [main] <info> Preparing for login...
170659.915685 [50128] [main] <info> Packet size: 65520
170659.915685 [50128] [main] <info> Logging in...
170700.096675 [50128] [main] <info> Logged in
170700.096675 [50128] [main] <info> State <CONNECTING> changed to <LOADING>
170700.096675 [50128] [main] <info> Loading static data...
170700.142674 [50128] [main] <info> Loading snapshot...
170700.143675 [50128] [main] <info> State <LOADING> changed to <READY>
170700.143675 [50128] [main] <info> Main thread OK. Data refresh period: 100
170718.458438 [16092] [59200] <info> Open log C:\Users\ilbou\projects\PyTransaq\Transaq\Transaq\bin\x86\Debug\netcoreapp3.1\, level 2
170718.459423 [16092] [59200] <info> System version 6.28. TXmlConnector version 2.21.16
170718.459423 [16092] [59200] <info> Initializing...
170719.467653 [16092] [59200] <info> State <DISCONNECTED> changed to <CONNECTING>
170719.467653 [16092] [main] <info> Initializing dsp...
170719.467653 [16092] [main] <info> Preparing for login...
170719.467653 [16092] [main] <info> Packet size: 65520
170719.467653 [16092] [main] <info> Logging in...
170719.665704 [16092] [main] <info> Logged in
170719.665704 [16092] [main] <info> State <CONNECTING> changed to <LOADING>
170719.666655 [16092] [main] <info> Loading static data...
170719.716653 [16092] [main] <info> Loading snapshot...
170719.716653 [16092] [main] <info> State <LOADING> changed to <READY>
170719.717654 [16092] [main] <info> Main thread OK. Data refresh period: 100
170733.119947 [16092] [main] <info> Snapshot loaded: Cl: 5, As: 0
170733.150980 [16092] [main] <info> Host RAM: 8423MB total, 1331MB available, 100851KB used
170745.294732 [16092] [main] <info> Host RAM: 8423MB total, 1254MB available, 100913KB used
170908.347755 [58904] [50740] <info> Open log C:\Users\ilbou\projects\PyTransaq\Transaq\Transaq\bin\x86\Debug\netcoreapp3.1\, level 2
170908.347755 [58904] [50740] <info> System version 6.28. TXmlConnector version 2.21.16
170908.347755 [58904] [50740] <info> Initializing...
170909.352579 [58904] [50740] <info> State <DISCONNECTED> changed to <CONNECTING>
170909.352579 [58904] [main] <info> Initializing dsp...
170909.352579 [58904] [main] <info> Preparing for login...
170909.352579 [58904] [main] <info> Packet size: 65520
170909.352579 [58904] [main] <info> Logging in...
170909.524580 [58904] [main] <info> Logged in
170909.524580 [58904] [main] <info> State <CONNECTING> changed to <LOADING>
170909.524580 [58904] [main] <info> Loading static data...
170909.567583 [58904] [main] <info> Loading snapshot...
170909.567583 [58904] [main] <info> State <LOADING> changed to <READY>
170909.567583 [58904] [main] <info> Main thread OK. Data refresh period: 100
170917.416950 [58904] [main] <info> Snapshot loaded: Cl: 5, As: 0
170917.438937 [58904] [main] <info> Host RAM: 8423MB total, 1278MB available, 172142KB used
170928.282941 [58904] [main] <info> Host RAM: 8423MB total, 1160MB available, 172158KB used
171105.812726 [53416] [52780] <info> Open log C:\Users\ilbou\projects\PyTransaq\Transaq\Transaq\bin\x86\Debug\netcoreapp3.1\, level 2
171105.813725 [53416] [52780] <info> System version 6.28. TXmlConnector version 2.21.16
171105.813725 [53416] [52780] <info> Initializing...
171106.815300 [53416] [52780] <info> State <DISCONNECTED> changed to <CONNECTING>
171106.815300 [53416] [main] <info> Initializing dsp...
171106.815300 [53416] [main] <info> Preparing for login...
171106.815300 [53416] [main] <info> Packet size: 65520
171106.815300 [53416] [main] <info> Logging in...
171107.029299 [53416] [main] <info> Logged in
171107.029299 [53416] [main] <info> State <CONNECTING> changed to <LOADING>
171107.029299 [53416] [main] <info> Loading static data...
171107.068301 [53416] [main] <info> Loading snapshot...
171107.068301 [53416] [main] <info> State <LOADING> changed to <READY>
171107.068301 [53416] [main] <info> Main thread OK. Data refresh period: 100
171115.202301 [53416] [main] <info> Snapshot loaded: Cl: 5, As: 0
171115.221302 [53416] [main] <info> Host RAM: 8423MB total, 1148MB available, 180084KB used
171137.310235 [53416] [main] <info> Host RAM: 8423MB total, 980MB available, 180043KB used
175810.185259 [40792] [59316] <info> Open log C:\Users\ilbou\projects\PyTransaq\Transaq\Transaq\bin\x86\Debug\netcoreapp3.1\, level 2
175810.189266 [40792] [59316] <info> System version 6.28. TXmlConnector version 2.21.16
175810.189266 [40792] [59316] <info> Initializing...
175811.205217 [40792] [59316] <info> State <DISCONNECTED> changed to <CONNECTING>
175811.206219 [40792] [main] <info> Initializing dsp...
175811.206219 [40792] [main] <info> Preparing for login...
175811.206219 [40792] [main] <info> Packet size: 65520
175811.206219 [40792] [main] <info> Logging in...
175811.462221 [40792] [main] <info> Logged in
175811.462221 [40792] [main] <info> State <CONNECTING> changed to <LOADING>
175811.462221 [40792] [main] <info> Loading static data...
175811.506216 [40792] [main] <info> Loading snapshot...
175811.507217 [40792] [main] <info> State <LOADING> changed to <READY>
175811.507217 [40792] [main] <info> Main thread OK. Data refresh period: 100
175818.477517 [40792] [main] <info> Snapshot loaded: Cl: 5, As: 0
175818.500568 [40792] [main] <info> Host RAM: 8423MB total, 700MB available, 188764KB used
175841.663918 [40792] [main] <info> Host RAM: 8423MB total, 701MB available, 103223KB used
175923.441802 [56364] [59576] <info> Open log C:\Users\ilbou\projects\PyTransaq\Transaq\Transaq\bin\x86\Debug\netcoreapp3.1\, level 2
175923.444801 [56364] [59576] <info> System version 6.28. TXmlConnector version 2.21.16
175923.445801 [56364] [59576] <info> Initializing...
175924.450017 [56364] [59576] <info> State <DISCONNECTED> changed to <CONNECTING>
175924.450778 [56364] [main] <info> Initializing dsp...
175924.450778 [56364] [main] <info> Preparing for login...
175924.450778 [56364] [main] <info> Packet size: 65520
175924.450778 [56364] [main] <info> Logging in...
175924.666778 [56364] [main] <info> Logged in
175924.666778 [56364] [main] <info> State <CONNECTING> changed to <LOADING>
175924.666778 [56364] [main] <info> Loading static data...
175924.705778 [56364] [main] <info> Loading snapshot...
175924.706779 [56364] [main] <info> State <LOADING> changed to <READY>
175924.706779 [56364] [main] <info> Main thread OK. Data refresh period: 100
175930.869781 [56364] [main] <info> Snapshot loaded: Cl: 5, As: 0
175930.895780 [56364] [main] <info> Host RAM: 8423MB total, 733MB available, 199475KB used
175945.446148 [56364] [main] <info> Host RAM: 8423MB total, 830MB available, 108498KB used
180307.151449 [56344] [54196] <info> Open log C:\Users\ilbou\projects\PyTransaq\Transaq\Transaq\bin\x86\Debug\netcoreapp3.1\, level 2
180307.153413 [56344] [54196] <info> System version 6.28. TXmlConnector version 2.21.16
180307.153413 [56344] [54196] <info> Initializing...
180308.162080 [56344] [54196] <info> State <DISCONNECTED> changed to <CONNECTING>
180308.162080 [56344] [main] <info> Initializing dsp...
180308.162080 [56344] [main] <info> Preparing for login...
180308.162080 [56344] [main] <info> Packet size: 65520
180308.162080 [56344] [main] <info> Logging in...
180308.372049 [56344] [main] <info> Logged in
180308.372049 [56344] [main] <info> State <CONNECTING> changed to <LOADING>
180308.372049 [56344] [main] <info> Loading static data...
180308.469046 [56344] [main] <info> Loading snapshot...
180308.469046 [56344] [main] <info> State <LOADING> changed to <READY>
180308.469046 [56344] [main] <info> Main thread OK. Data refresh period: 100
180315.284045 [56344] [main] <info> Snapshot loaded: Cl: 5, As: 0
180315.306043 [56344] [main] <info> Host RAM: 8423MB total, 658MB available, 177381KB used
180339.577875 [56344] [main] <info> Host RAM: 8423MB total, 592MB available, 179576KB used
182432.459473 [57488] [48536] <info> Open log C:\Users\ilbou\projects\PyTransaq\Transaq\Transaq\bin\x86\Debug\netcoreapp3.1\, level 2
182432.462468 [57488] [48536] <info> System version 6.28. TXmlConnector version 2.21.16
182432.462468 [57488] [48536] <info> Initializing...
182433.476134 [57488] [48536] <info> State <DISCONNECTED> changed to <CONNECTING>
182433.476869 [57488] [main] <info> Initializing dsp...
182433.476869 [57488] [main] <info> Preparing for login...
182433.476869 [57488] [main] <info> Packet size: 65520
182433.476869 [57488] [main] <info> Logging in...
182433.746866 [57488] [main] <info> Logged in
182433.746866 [57488] [main] <info> State <CONNECTING> changed to <LOADING>
182433.746866 [57488] [main] <info> Loading static data...
182433.790867 [57488] [main] <info> Loading snapshot...
182433.790867 [57488] [main] <info> State <LOADING> changed to <READY>
182433.790867 [57488] [main] <info> Main thread OK. Data refresh period: 100
182439.900863 [57488] [main] <info> Snapshot loaded: Cl: 5, As: 0
182439.921898 [57488] [main] <info> Host RAM: 8423MB total, 762MB available, 206921KB used
182455.209128 [57488] [main] <info> Host RAM: 8423MB total, 661MB available, 196947KB used
183159.057057 [62012] [54180] <info> Open log C:\Users\ilbou\projects\PyTransaq\Transaq\Transaq\bin\x86\Debug\netcoreapp3.1\, level 2
183159.058054 [62012] [54180] <info> System version 6.28. TXmlConnector version 2.21.16
183159.058054 [62012] [54180] <info> Initializing...
183200.071517 [62012] [54180] <info> State <DISCONNECTED> changed to <CONNECTING>
183200.072539 [62012] [main] <info> Initializing dsp...
183200.072539 [62012] [main] <info> Preparing for login...
183200.072539 [62012] [main] <info> Packet size: 65520
183200.072539 [62012] [main] <info> Logging in...
183200.324538 [62012] [main] <info> Logged in
183200.324538 [62012] [main] <info> State <CONNECTING> changed to <LOADING>
183200.324538 [62012] [main] <info> Loading static data...
183200.375536 [62012] [main] <info> Loading snapshot...
183200.375536 [62012] [main] <info> State <LOADING> changed to <READY>
183200.375536 [62012] [main] <info> Main thread OK. Data refresh period: 100
183206.279534 [62012] [main] <info> Snapshot loaded: Cl: 5, As: 0
183206.300535 [62012] [main] <info> Host RAM: 8423MB total, 1105MB available, 189579KB used
183219.480783 [62012] [main] <info> Host RAM: 8423MB total, 974MB available, 189820KB used
184331.024097 [34420] [41932] <info> Open log C:\Users\ilbou\projects\PyTransaq\Transaq\Transaq\bin\x86\Debug\netcoreapp3.1\, level 2
184331.025097 [34420] [41932] <info> System version 6.28. TXmlConnector version 2.21.16
184331.025097 [34420] [41932] <info> Initializing...
184332.040102 [34420] [41932] <info> State <DISCONNECTED> changed to <CONNECTING>
184332.040102 [34420] [main] <info> Initializing dsp...
184332.041114 [34420] [main] <info> Preparing for login...
184332.041114 [34420] [main] <info> Packet size: 65520
184332.041114 [34420] [main] <info> Logging in...
184332.278110 [34420] [main] <info> Logged in
184332.278110 [34420] [main] <info> State <CONNECTING> changed to <LOADING>
184332.278110 [34420] [main] <info> Loading static data...
184332.337110 [34420] [main] <info> Loading snapshot...
184332.337110 [34420] [main] <info> State <LOADING> changed to <READY>
184332.337110 [34420] [main] <info> Main thread OK. Data refresh period: 100
184339.134188 [34420] [main] <info> Snapshot loaded: Cl: 5, As: 0
184339.172188 [34420] [main] <info> Host RAM: 8423MB total, 1221MB available, 191029KB used
184400.936656 [34420] [main] <info> Host RAM: 8423MB total, 1356MB available, 191000KB used
184401.958659 [34420] [41932] <info> Disconnecting...
184401.958659 [34420] [41932] <info> Waiting for WorkUp...
184401.958659 [34420] [main] <info> Shutdown event received
184401.961660 [34420] [main] <info> State <READY> changed to <DISCONNECTING>
184401.967682 [34420] [main] <info> Logging out...
184402.175491 [34420] [main] <info> Host RAM: 8423MB total, 1368MB available, 191131KB used
184402.175491 [34420] [main] <info> State <DISCONNECTING> changed to <DISCONNECTED>
184402.176508 [34420] [41932] <info> Disconnect OK
184607.345572 [30004] [55004] <info> Open log C:\Users\ilbou\projects\PyTransaq\Transaq\Transaq\bin\x86\Debug\netcoreapp3.1\, level 2
184607.345572 [30004] [55004] <info> System version 6.28. TXmlConnector version 2.21.16
184607.345572 [30004] [55004] <info> Initializing...
184608.360694 [30004] [55004] <info> State <DISCONNECTED> changed to <CONNECTING>
184608.361721 [30004] [main] <info> Initializing dsp...
184608.361721 [30004] [main] <info> Preparing for login...
184608.361721 [30004] [main] <info> Packet size: 65520
184608.361721 [30004] [main] <info> Logging in...
184608.621714 [30004] [main] <info> Logged in
184608.621714 [30004] [main] <info> State <CONNECTING> changed to <LOADING>
184608.621714 [30004] [main] <info> Loading static data...
184608.874715 [30004] [main] <info> Loading snapshot...
184608.874715 [30004] [main] <info> State <LOADING> changed to <READY>
184608.874715 [30004] [main] <info> Main thread OK. Data refresh period: 100
184615.813714 [30004] [main] <info> Snapshot loaded: Cl: 5, As: 0
184615.837714 [30004] [main] <info> Host RAM: 8423MB total, 1389MB available, 158150KB used
184627.466630 [30004] [main] <info> Host RAM: 8423MB total, 1324MB available, 158228KB used
184628.487634 [30004] [55004] <info> Disconnecting...
184628.488632 [30004] [55004] <info> Waiting for WorkUp...
184628.488632 [30004] [main] <info> Shutdown event received
184628.488632 [30004] [main] <info> State <READY> changed to <DISCONNECTING>
184628.488632 [30004] [main] <info> Logging out...
184628.702164 [30004] [main] <info> Host RAM: 8423MB total, 1311MB available, 158408KB used
184628.703047 [30004] [main] <info> State <DISCONNECTING> changed to <DISCONNECTED>
184628.703047 [30004] [55004] <info> Disconnect OK
192219.635452 [55868] [48144] <info> Open log C:\Users\ilbou\projects\PyTransaq\Transaq\Transaq\bin\x86\Debug\netcoreapp3.1\, level 2
192219.638460 [55868] [48144] <info> System version 6.28. TXmlConnector version 2.21.16
192219.638460 [55868] [48144] <info> Initializing...
192220.648732 [55868] [48144] <info> State <DISCONNECTED> changed to <CONNECTING>
192220.649775 [55868] [main] <info> Initializing dsp...
192220.649775 [55868] [main] <info> Preparing for login...
192220.649775 [55868] [main] <info> Packet size: 65520
192220.649775 [55868] [main] <info> Logging in...
192225.298802 [55868] [main] <warning> Failed to login
192225.298802 [55868] [main] <info> State <CONNECTING> changed to <DISCONNECTED>
192422.591503 [45004] [44392] <info> Open log C:\Users\ilbou\projects\PyTransaq\Transaq\Transaq\bin\x86\Debug\netcoreapp3.1\, level 2
192422.592538 [45004] [44392] <info> System version 6.28. TXmlConnector version 2.21.16
192422.592538 [45004] [44392] <info> Initializing...
192423.604228 [45004] [44392] <info> State <DISCONNECTED> changed to <CONNECTING>
192423.604228 [45004] [main] <info> Initializing dsp...
192423.605229 [45004] [main] <info> Preparing for login...
192423.605229 [45004] [main] <info> Packet size: 65520
192423.605229 [45004] [main] <info> Logging in...
192423.817227 [45004] [main] <info> Logged in
192423.817227 [45004] [main] <info> State <CONNECTING> changed to <LOADING>
192423.817227 [45004] [main] <info> Loading static data...
192423.859229 [45004] [main] <info> Loading snapshot...
192423.859229 [45004] [main] <info> State <LOADING> changed to <READY>
192423.859229 [45004] [main] <info> Main thread OK. Data refresh period: 100
192431.455229 [45004] [main] <info> Snapshot loaded: Cl: 5, As: 0
192431.481229 [45004] [main] <info> Host RAM: 8423MB total, 766MB available, 201928KB used
192443.344229 [45004] [main] <info> Host RAM: 8423MB total, 701MB available, 205205KB used
192444.554729 [45004] [44392] <info> Disconnecting...
192444.554729 [45004] [44392] <info> Waiting for WorkUp...
192444.558379 [45004] [main] <info> Shutdown event received
192444.559416 [45004] [main] <info> State <READY> changed to <DISCONNECTING>
192444.559416 [45004] [main] <info> Logging out...
192444.765630 [45004] [main] <info> Host RAM: 8423MB total, 714MB available, 205475KB used
192444.765630 [45004] [main] <info> State <DISCONNECTING> changed to <DISCONNECTED>
192444.766656 [45004] [44392] <info> Disconnect OK
192544.099450 [54740] [36176] <info> Open log C:\Users\ilbou\projects\PyTransaq\Transaq\Transaq\bin\x86\Debug\netcoreapp3.1\, level 2
192544.099450 [54740] [36176] <info> System version 6.28. TXmlConnector version 2.21.16
192544.099450 [54740] [36176] <info> Initializing...
192545.116746 [54740] [36176] <info> State <DISCONNECTED> changed to <CONNECTING>
192545.116746 [54740] [main] <info> Initializing dsp...
192545.117771 [54740] [main] <info> Preparing for login...
192545.117771 [54740] [main] <info> Packet size: 65520
192545.117771 [54740] [main] <info> Logging in...
192545.323761 [54740] [main] <info> Logged in
192545.323761 [54740] [main] <info> State <CONNECTING> changed to <LOADING>
192545.323761 [54740] [main] <info> Loading static data...
192545.375763 [54740] [main] <info> Loading snapshot...
192545.375763 [54740] [main] <info> State <LOADING> changed to <READY>
192545.375763 [54740] [main] <info> Main thread OK. Data refresh period: 100
192552.689763 [54740] [main] <info> Snapshot loaded: Cl: 5, As: 0
192552.717763 [54740] [main] <info> Host RAM: 8423MB total, 925MB available, 143994KB used
192604.372764 [54740] [main] <info> Host RAM: 8423MB total, 832MB available, 144248KB used
192605.396593 [54740] [36176] <info> Disconnecting...
192605.396593 [54740] [36176] <info> Waiting for WorkUp...
192605.396593 [54740] [main] <info> Shutdown event received
192605.396593 [54740] [main] <info> State <READY> changed to <DISCONNECTING>
192605.396593 [54740] [main] <info> Logging out...
192605.598553 [54740] [main] <info> Host RAM: 8423MB total, 835MB available, 144375KB used
192605.599304 [54740] [main] <info> State <DISCONNECTING> changed to <DISCONNECTED>
192605.599304 [54740] [36176] <info> Disconnect OK
192712.658346 [10296] [59232] <info> Open log C:\Users\ilbou\projects\PyTransaq\Transaq\Transaq\bin\x86\Debug\netcoreapp3.1\, level 2
192712.659345 [10296] [59232] <info> System version 6.28. TXmlConnector version 2.21.16
192712.659345 [10296] [59232] <info> Initializing...
192713.668379 [10296] [59232] <info> State <DISCONNECTED> changed to <CONNECTING>
192713.668379 [10296] [main] <info> Initializing dsp...
192713.669401 [10296] [main] <info> Preparing for login...
192713.669401 [10296] [main] <info> Packet size: 65520
192713.669401 [10296] [main] <info> Logging in...
192713.887400 [10296] [main] <info> Logged in
192713.887400 [10296] [main] <info> State <CONNECTING> changed to <LOADING>
192713.887400 [10296] [main] <info> Loading static data...
192713.937401 [10296] [main] <info> Loading snapshot...
192713.938399 [10296] [main] <info> State <LOADING> changed to <READY>
192713.938399 [10296] [main] <info> Main thread OK. Data refresh period: 100
192721.397409 [10296] [main] <info> Snapshot loaded: Cl: 5, As: 0
192721.422397 [10296] [main] <info> Host RAM: 8423MB total, 1071MB available, 190304KB used
192733.528397 [10296] [main] <info> Host RAM: 8423MB total, 1129MB available, 190382KB used
192734.547241 [10296] [59232] <info> Disconnecting...
192734.547241 [10296] [59232] <info> Waiting for WorkUp...
192734.547241 [10296] [main] <info> Shutdown event received
192734.548243 [10296] [main] <info> State <READY> changed to <DISCONNECTING>
192734.548243 [10296] [main] <info> Logging out...
192734.750549 [10296] [main] <info> Host RAM: 8423MB total, 1125MB available, 190435KB used
192734.750549 [10296] [main] <info> State <DISCONNECTING> changed to <DISCONNECTED>
192734.750549 [10296] [59232] <info> Disconnect OK
192822.042451 [19988] [50248] <info> Open log C:\Users\ilbou\projects\PyTransaq\Transaq\Transaq\bin\x86\Debug\netcoreapp3.1\, level 2
192822.043450 [19988] [50248] <info> System version 6.28. TXmlConnector version 2.21.16
192822.043450 [19988] [50248] <info> Initializing...
192823.052245 [19988] [50248] <info> State <DISCONNECTED> changed to <CONNECTING>
192823.052245 [19988] [main] <info> Initializing dsp...
192823.053127 [19988] [main] <info> Preparing for login...
192823.053127 [19988] [main] <info> Packet size: 65520
192823.053127 [19988] [main] <info> Logging in...
192823.262120 [19988] [main] <info> Logged in
192823.262120 [19988] [main] <info> State <CONNECTING> changed to <LOADING>
192823.262120 [19988] [main] <info> Loading static data...
192823.311122 [19988] [main] <info> Loading snapshot...
192823.311122 [19988] [main] <info> State <LOADING> changed to <READY>
192823.311122 [19988] [main] <info> Main thread OK. Data refresh period: 100
192830.385124 [19988] [main] <info> Snapshot loaded: Cl: 5, As: 0
192830.409156 [19988] [main] <info> Host RAM: 8423MB total, 1041MB available, 190480KB used
192853.380870 [19988] [main] <info> Host RAM: 8423MB total, 1097MB available, 191926KB used
192854.404586 [19988] [50248] <info> Disconnecting...
192854.404586 [19988] [50248] <info> Waiting for WorkUp...
192854.404586 [19988] [main] <info> Shutdown event received
192854.404586 [19988] [main] <info> State <READY> changed to <DISCONNECTING>
192854.404586 [19988] [main] <info> Logging out...
192854.618379 [19988] [main] <info> Host RAM: 8423MB total, 1122MB available, 192049KB used
192854.619400 [19988] [main] <info> State <DISCONNECTING> changed to <DISCONNECTED>
192854.619400 [19988] [50248] <info> Disconnect OK
193001.738003 [37424] [52840] <info> Open log C:\Users\ilbou\projects\PyTransaq\Transaq\Transaq\bin\x86\Debug\netcoreapp3.1\, level 2
193001.739001 [37424] [52840] <info> System version 6.28. TXmlConnector version 2.21.16
193001.739001 [37424] [52840] <info> Initializing...
193002.751365 [37424] [52840] <info> State <DISCONNECTED> changed to <CONNECTING>
193002.752386 [37424] [main] <info> Initializing dsp...
193002.752386 [37424] [main] <info> Preparing for login...
193002.752386 [37424] [main] <info> Packet size: 65520
193002.752386 [37424] [main] <info> Logging in...
193002.987380 [37424] [main] <info> Logged in
193002.987380 [37424] [main] <info> State <CONNECTING> changed to <LOADING>
193002.988381 [37424] [main] <info> Loading static data...
193003.023383 [37424] [main] <info> Loading snapshot...
193003.023383 [37424] [main] <info> State <LOADING> changed to <READY>
193003.023383 [37424] [main] <info> Main thread OK. Data refresh period: 100
193010.410380 [37424] [main] <info> Snapshot loaded: Cl: 5, As: 0
193010.435381 [37424] [main] <info> Host RAM: 8423MB total, 917MB available, 194093KB used
193022.569383 [37424] [main] <info> Host RAM: 8423MB total, 783MB available, 194142KB used
193023.593383 [37424] [52840] <info> Disconnecting...
193023.593383 [37424] [52840] <info> Waiting for WorkUp...
193023.597381 [37424] [main] <info> Shutdown event received
193023.597381 [37424] [main] <info> State <READY> changed to <DISCONNECTING>
193023.597381 [37424] [main] <info> Logging out...
193023.798200 [37424] [main] <info> Host RAM: 8423MB total, 781MB available, 194465KB used
193023.798200 [37424] [main] <info> State <DISCONNECTING> changed to <DISCONNECTED>
193023.799208 [37424] [52840] <info> Disconnect OK
193455.763001 [55380] [60772] <info> Open log C:\Users\ilbou\projects\PyTransaq\Transaq\Transaq\bin\x86\Debug\netcoreapp3.1\, level 2
193455.763001 [55380] [60772] <info> System version 6.28. TXmlConnector version 2.21.16
193455.763001 [55380] [60772] <info> Initializing...
193456.779636 [55380] [60772] <info> State <DISCONNECTED> changed to <CONNECTING>
193456.779636 [55380] [main] <info> Initializing dsp...
193456.779636 [55380] [main] <info> Preparing for login...
193456.779636 [55380] [main] <info> Packet size: 65520
193456.779636 [55380] [main] <info> Logging in...
193456.992634 [55380] [main] <info> Logged in
193456.992634 [55380] [main] <info> State <CONNECTING> changed to <LOADING>
193456.992634 [55380] [main] <info> Loading static data...
193457.032638 [55380] [main] <info> Loading snapshot...
193457.032638 [55380] [main] <info> State <LOADING> changed to <READY>
193457.032638 [55380] [main] <info> Main thread OK. Data refresh period: 100
193504.543636 [55380] [main] <info> Snapshot loaded: Cl: 5, As: 0
193504.573636 [55380] [main] <info> Host RAM: 8423MB total, 1215MB available, 133554KB used
193515.616635 [55380] [main] <info> Host RAM: 8423MB total, 1098MB available, 133562KB used
193516.645637 [55380] [60772] <info> Disconnecting...
193516.645637 [55380] [60772] <info> Waiting for WorkUp...
193516.645637 [55380] [main] <info> Shutdown event received
193516.645637 [55380] [main] <info> State <READY> changed to <DISCONNECTING>
193516.645637 [55380] [main] <info> Logging out...
193516.862216 [55380] [main] <info> Host RAM: 8423MB total, 1100MB available, 133681KB used
193516.862216 [55380] [main] <info> State <DISCONNECTING> changed to <DISCONNECTED>
193516.863239 [55380] [60772] <info> Disconnect OK
193617.401921 [59904] [59080] <info> Open log C:\Users\ilbou\projects\PyTransaq\Transaq\Transaq\bin\x86\Debug\netcoreapp3.1\, level 2
193617.401921 [59904] [59080] <info> System version 6.28. TXmlConnector version 2.21.16
193617.401921 [59904] [59080] <info> Initializing...
193618.409123 [59904] [59080] <info> State <DISCONNECTED> changed to <CONNECTING>
193618.409862 [59904] [main] <info> Initializing dsp...
193618.409862 [59904] [main] <info> Preparing for login...
193618.409862 [59904] [main] <info> Packet size: 65520
193618.409862 [59904] [main] <info> Logging in...
193618.617856 [59904] [main] <info> Logged in
193618.617856 [59904] [main] <info> State <CONNECTING> changed to <LOADING>
193618.617856 [59904] [main] <info> Loading static data...
193618.668858 [59904] [main] <info> Loading snapshot...
193618.668858 [59904] [main] <info> State <LOADING> changed to <READY>
193618.668858 [59904] [main] <info> Main thread OK. Data refresh period: 100
193625.674855 [59904] [main] <info> Snapshot loaded: Cl: 5, As: 0
193625.697855 [59904] [main] <info> Host RAM: 8423MB total, 1164MB available, 188919KB used
193645.136859 [59904] [main] <info> Host RAM: 8423MB total, 1046MB available, 188903KB used
193646.166858 [59904] [59080] <info> Disconnecting...
193646.166858 [59904] [59080] <info> Waiting for WorkUp...
193646.166858 [59904] [main] <info> Shutdown event received
193646.166858 [59904] [main] <info> State <READY> changed to <DISCONNECTING>
193646.166858 [59904] [main] <info> Logging out...
193646.369872 [59904] [main] <info> Host RAM: 8423MB total, 1048MB available, 189030KB used
193646.369872 [59904] [main] <info> State <DISCONNECTING> changed to <DISCONNECTED>
193646.370906 [59904] [59080] <info> Disconnect OK
193909.241826 [45556] [60772] <info> Open log C:\Users\ilbou\projects\PyTransaq\Transaq\Transaq\bin\x86\Debug\netcoreapp3.1\, level 2
193909.241826 [45556] [60772] <info> System version 6.28. TXmlConnector version 2.21.16
193909.241826 [45556] [60772] <info> Initializing...
193910.247770 [45556] [60772] <info> State <DISCONNECTED> changed to <CONNECTING>
193910.247770 [45556] [main] <info> Initializing dsp...
193910.247770 [45556] [main] <info> Preparing for login...
193910.247770 [45556] [main] <info> Packet size: 65520
193910.247770 [45556] [main] <info> Logging in...
193910.477773 [45556] [main] <info> Logged in
193910.478773 [45556] [main] <info> State <CONNECTING> changed to <LOADING>
193910.478773 [45556] [main] <info> Loading static data...
193910.513772 [45556] [main] <info> Loading snapshot...
193910.513772 [45556] [main] <info> State <LOADING> changed to <READY>
193910.513772 [45556] [main] <info> Main thread OK. Data refresh period: 100
193918.176772 [45556] [main] <info> Snapshot loaded: Cl: 5, As: 0
193918.200783 [45556] [main] <info> Host RAM: 8423MB total, 1106MB available, 150323KB used
193929.579786 [45556] [main] <info> Host RAM: 8423MB total, 1104MB available, 150327KB used
193930.608778 [45556] [60772] <info> Disconnecting...
193930.608778 [45556] [60772] <info> Waiting for WorkUp...
193930.608778 [45556] [main] <info> Shutdown event received
193930.608778 [45556] [main] <info> State <READY> changed to <DISCONNECTING>
193930.608778 [45556] [main] <info> Logging out...
193930.811335 [45556] [main] <info> Host RAM: 8423MB total, 1124MB available, 150450KB used
193930.812088 [45556] [main] <info> State <DISCONNECTING> changed to <DISCONNECTED>
193930.812088 [45556] [60772] <info> Disconnect OK
194100.001299 [40444] [62268] <info> Open log C:\Users\ilbou\projects\PyTransaq\Transaq\Transaq\bin\x86\Debug\netcoreapp3.1\, level 2
194100.001299 [40444] [62268] <info> System version 6.28. TXmlConnector version 2.21.16
194100.001299 [40444] [62268] <info> Initializing...
194101.007530 [40444] [62268] <info> State <DISCONNECTED> changed to <CONNECTING>
194101.007530 [40444] [main] <info> Initializing dsp...
194101.007530 [40444] [main] <info> Preparing for login...
194101.007530 [40444] [main] <info> Packet size: 65520
194101.007530 [40444] [main] <info> Logging in...
194101.239529 [40444] [main] <info> Logged in
194101.239529 [40444] [main] <info> State <CONNECTING> changed to <LOADING>
194101.239529 [40444] [main] <info> Loading static data...
194101.271531 [40444] [main] <info> Loading snapshot...
194101.271531 [40444] [main] <info> State <LOADING> changed to <READY>
194101.271531 [40444] [main] <info> Main thread OK. Data refresh period: 100
194108.577531 [40444] [main] <info> Snapshot loaded: Cl: 5, As: 0
194108.602529 [40444] [main] <info> Host RAM: 8423MB total, 1352MB available, 183496KB used
194121.868534 [40444] [main] <info> Host RAM: 8423MB total, 1235MB available, 183762KB used
194122.891533 [40444] [62268] <info> Disconnecting...
194122.891533 [40444] [62268] <info> Waiting for WorkUp...
194122.891533 [40444] [main] <info> Shutdown event received
194122.891533 [40444] [main] <info> State <READY> changed to <DISCONNECTING>
194122.892531 [40444] [main] <info> Logging out...
194123.094559 [40444] [main] <info> Host RAM: 8423MB total, 1238MB available, 183881KB used
194123.094559 [40444] [main] <info> State <DISCONNECTING> changed to <DISCONNECTED>
194123.095589 [40444] [62268] <info> Disconnect OK
